2024-07-26 20:56:19,443 - INFO - [31m[1mWARNING: This is a development server. Do not use it in a production deployment. Use a production WSGI server instead.[0m
 * Running on http://127.0.0.1:8080
2024-07-26 20:56:19,443 - INFO - [33mPress CTRL+C to quit[0m
2024-07-26 20:56:19,448 - INFO -  * Restarting with stat
2024-07-26 20:56:20,139 - WARNING -  * Debugger is active!
2024-07-26 20:56:20,141 - INFO -  * Debugger PIN: 621-795-399
2024-07-26 20:56:37,418 - WARNING - No route found (no default route?)
2024-07-26 20:56:37,440 - WARNING - Dropping unsupported option: filter
2024-07-26 20:56:37,440 - WARNING - Dropping unsupported option: nofilter
2024-07-26 20:56:37,440 - ERROR - Error measuring network latency: [WinError 10013] An attempt was made to access a socket in a way forbidden by its access permissions
2024-07-26 20:56:37,458 - INFO - 127.0.0.1 - - [26/Jul/2024 20:56:37] "[35m[1mPOST /process HTTP/1.1[0m" 500 -
2024-07-26 20:56:48,530 - WARNING - No route found (no default route?)
2024-07-26 20:56:48,530 - WARNING - Dropping unsupported option: filter
2024-07-26 20:56:48,530 - WARNING - Dropping unsupported option: nofilter
2024-07-26 20:56:48,539 - ERROR - Error measuring network latency: [WinError 10013] An attempt was made to access a socket in a way forbidden by its access permissions
2024-07-26 20:56:48,549 - INFO - 127.0.0.1 - - [26/Jul/2024 20:56:48] "[35m[1mPOST /process HTTP/1.1[0m" 500 -
2024-07-26 20:56:59,609 - WARNING - No route found (no default route?)
2024-07-26 20:56:59,618 - WARNING - Dropping unsupported option: filter
2024-07-26 20:56:59,618 - WARNING - Dropping unsupported option: nofilter
2024-07-26 20:56:59,618 - ERROR - Error measuring network latency: [WinError 10013] An attempt was made to access a socket in a way forbidden by its access permissions
2024-07-26 20:56:59,628 - INFO - 127.0.0.1 - - [26/Jul/2024 20:56:59] "[35m[1mPOST /process HTTP/1.1[0m" 500 -
2024-07-26 20:57:10,695 - WARNING - No route found (no default route?)
2024-07-26 20:57:10,695 - WARNING - Dropping unsupported option: filter
2024-07-26 20:57:10,698 - WARNING - Dropping unsupported option: nofilter
2024-07-26 20:57:10,698 - ERROR - Error measuring network latency: [WinError 10013] An attempt was made to access a socket in a way forbidden by its access permissions
2024-07-26 20:57:10,708 - INFO - 127.0.0.1 - - [26/Jul/2024 20:57:10] "[35m[1mPOST /process HTTP/1.1[0m" 500 -
2024-07-26 20:57:12,468 - INFO -  * Detected change in 'C:\\Users\\samir\\Desktop\\finalyearproject\\client-server\\app.py', reloading
2024-07-26 20:57:12,721 - INFO -  * Restarting with stat
2024-07-26 21:01:43,626 - INFO -  * Restarting with stat
